<?xml version="1.0" encoding="UTF-8"?>
<testsuite name="FormFieldsTest" tests="1" skipped="0" failures="0" errors="0" timestamp="2026-03-29T15:44:51" hostname="TOPOLM" time="8.572">
  <properties/>
  <testcase name="fieldsTest()" classname="FormFieldsTest" time="8.572"/>
  <system-out><![CDATA[18:44:51.560 [Test worker] DEBUG io.github.bonigarcia.wdm.WebDriverManager -- Using WebDriverManager 5.9.2
18:44:52.541 [Test worker] DEBUG io.github.bonigarcia.wdm.cache.ResolutionCache -- Resolution chrome=146 in cache (valid until 18:53:27 29/03/2026 MSK)
18:44:52.544 [Test worker] DEBUG io.github.bonigarcia.wdm.cache.ResolutionCache -- Resolution chrome146=146.0.7680.165 in cache (valid until 13:23:59 30/03/2026 MSK)
18:44:52.547 [Test worker] INFO io.github.bonigarcia.wdm.WebDriverManager -- Using chromedriver 146.0.7680.165 (resolved driver for Chrome 146)
18:44:52.620 [Test worker] DEBUG io.github.bonigarcia.wdm.WebDriverManager -- Driver chromedriver 146.0.7680.165 found in cache
18:44:52.623 [Test worker] INFO io.github.bonigarcia.wdm.WebDriverManager -- Exporting webdriver.chrome.driver as C:\Users\artem\.cache\selenium\chromedriver\win64\146.0.7680.165\chromedriver.exe
]]></system-out>
  <system-err><![CDATA[мар. 29, 2026 6:44:55 PM org.openqa.selenium.devtools.CdpVersionFinder findNearestMatch
WARNING: Unable to find an exact match for CDP version 146, returning the closest version; found: 145; Please update to a Selenium version that supports CDP version 146
мар. 29, 2026 6:44:59 PM org.openqa.selenium.remote.http.WebSocket$Listener onError
WARNING: Connection reset
java.net.SocketException: Connection reset
	at java.base/sun.nio.ch.SocketChannelImpl.throwConnectionReset(SocketChannelImpl.java:394)
	at java.base/sun.nio.ch.SocketChannelImpl.read(SocketChannelImpl.java:426)
	at java.net.http/jdk.internal.net.http.SocketTube.readAvailable(SocketTube.java:1178)
	at java.net.http/jdk.internal.net.http.SocketTube$InternalReadPublisher$InternalReadSubscription.read(SocketTube.java:841)
	at java.net.http/jdk.internal.net.http.SocketTube$SocketFlowTask.run(SocketTube.java:181)
	at java.net.http/jdk.internal.net.http.common.SequentialScheduler$SchedulableTask.run(SequentialScheduler.java:230)
	at java.net.http/jdk.internal.net.http.common.SequentialScheduler.runOrSchedule(SequentialScheduler.java:303)
	at java.net.http/jdk.internal.net.http.common.SequentialScheduler.runOrSchedule(SequentialScheduler.java:256)
	at java.net.http/jdk.internal.net.http.SocketTube$InternalReadPublisher$InternalReadSubscription.signalReadable(SocketTube.java:782)
	at java.net.http/jdk.internal.net.http.SocketTube$InternalReadPublisher$ReadEvent.signalEvent(SocketTube.java:965)
	at java.net.http/jdk.internal.net.http.SocketTube$SocketFlowEvent.handle(SocketTube.java:253)
	at java.net.http/jdk.internal.net.http.HttpClientImpl$SelectorManager.handleEvent(HttpClientImpl.java:1402)
	at java.net.http/jdk.internal.net.http.HttpClientImpl$SelectorManager.lambda$run$3(HttpClientImpl.java:1347)
	at java.base/java.util.ArrayList.forEach(ArrayList.java:1511)
	at java.net.http/jdk.internal.net.http.HttpClientImpl$SelectorManager.run(HttpClientImpl.java:1347)

]]></system-err>
</testsuite>
